<?xml version="1.0" encoding="UTF-8"?>
<!-- Generated by org.testng.reporters.JUnitXMLReporter -->
<testsuite ignored="0" hostname="DESKTOP-BU5RJHB" failures="3" tests="3" name="Run on firefox" time="43.421" errors="0" timestamp="17 Oct 2023 15:40:35 GMT">
  <testcase classname="com.wordpress.admin.Admin_01_Post" name="Post_01_Create_New_Post" time="2.948">
    <failure type="org.openqa.selenium.ElementNotInteractableException" message="Element &amp;lt;p&amp;gt; is not reachable by keyboard
Build info: version: &amp;apos;4.11.0&amp;apos;, revision: &amp;apos;040bc5406b&amp;apos;
System info: os.name: &amp;apos;Windows 10&amp;apos;, os.arch: &amp;apos;amd64&amp;apos;, os.version: &amp;apos;10.0&amp;apos;, java.version: &amp;apos;17.0.8&amp;apos;
Driver info: org.openqa.selenium.firefox.FirefoxDriver
Command: [43213894-e510-491e-b420-adac0d9ac3a7, sendKeysToElement {id=4a17568a-3792-4367-9557-430fb4cdcf75, value=[Ljava.lang.CharSequence;@2577a95d}]
Capabilities {acceptInsecureCerts: true, browserName: firefox, browserVersion: 118.0.2, moz:accessibilityChecks: false, moz:buildID: 20231009140911, moz:debuggerAddress: 127.0.0.1:16629, moz:geckodriverVersion: 0.33.0, moz:headless: false, moz:platformVersion: 10.0, moz:processID: 17152, moz:profile: C:\Users\ADMINI~1\AppData\L..., moz:shutdownTimeout: 60000, moz:webdriverClick: true, moz:windowless: false, pageLoadStrategy: normal, platformName: windows, proxy: Proxy(), se:cdp: ws://127.0.0.1:16629/devtoo..., se:cdpVersion: 85.0, setWindowRect: true, strictFileInteractability: false, timeouts: {implicit: 0, pageLoad: 300000, script: 30000}, unhandledPromptBehavior: dismiss and notify}
Element: [[FirefoxDriver: firefox on windows (43213894-e510-491e-b420-adac0d9ac3a7)] -&amp;gt; css selector: #tinymce&amp;gt;p]
Session ID: 43213894-e510-491e-b420-adac0d9ac3a7">
      <![CDATA[org.openqa.selenium.ElementNotInteractableException: Element <p> is not reachable by keyboard
Build info: version: '4.11.0', revision: '040bc5406b'
System info: os.name: 'Windows 10', os.arch: 'amd64', os.version: '10.0', java.version: '17.0.8'
Driver info: org.openqa.selenium.firefox.FirefoxDriver
Command: [43213894-e510-491e-b420-adac0d9ac3a7, sendKeysToElement {id=4a17568a-3792-4367-9557-430fb4cdcf75, value=[Ljava.lang.CharSequence;@2577a95d}]
Capabilities {acceptInsecureCerts: true, browserName: firefox, browserVersion: 118.0.2, moz:accessibilityChecks: false, moz:buildID: 20231009140911, moz:debuggerAddress: 127.0.0.1:16629, moz:geckodriverVersion: 0.33.0, moz:headless: false, moz:platformVersion: 10.0, moz:processID: 17152, moz:profile: C:\Users\ADMINI~1\AppData\L..., moz:shutdownTimeout: 60000, moz:webdriverClick: true, moz:windowless: false, pageLoadStrategy: normal, platformName: windows, proxy: Proxy(), se:cdp: ws://127.0.0.1:16629/devtoo..., se:cdpVersion: 85.0, setWindowRect: true, strictFileInteractability: false, timeouts: {implicit: 0, pageLoad: 300000, script: 30000}, unhandledPromptBehavior: dismiss and notify}
Element: [[FirefoxDriver: firefox on windows (43213894-e510-491e-b420-adac0d9ac3a7)] -> css selector: #tinymce>p]
Session ID: 43213894-e510-491e-b420-adac0d9ac3a7
at org.openqa.selenium.remote.codec.w3c.W3CHttpResponseCodec.createException(W3CHttpResponseCodec.java:200)
at org.openqa.selenium.remote.codec.w3c.W3CHttpResponseCodec.decode(W3CHttpResponseCodec.java:133)
at org.openqa.selenium.remote.codec.w3c.W3CHttpResponseCodec.decode(W3CHttpResponseCodec.java:52)
at org.openqa.selenium.remote.HttpCommandExecutor.execute(HttpCommandExecutor.java:191)
at org.openqa.selenium.remote.service.DriverCommandExecutor.invokeExecute(DriverCommandExecutor.java:196)
at org.openqa.selenium.remote.service.DriverCommandExecutor.execute(DriverCommandExecutor.java:171)
at org.openqa.selenium.remote.RemoteWebDriver.execute(RemoteWebDriver.java:518)
at org.openqa.selenium.remote.RemoteWebElement.execute(RemoteWebElement.java:224)
at org.openqa.selenium.remote.RemoteWebElement.sendKeys(RemoteWebElement.java:111)
at commons.BasePage.sendkeyToElement(BasePage.java:216)
at pageObjects.wordpress.AdminPostPageObject.enterToPostBody(AdminPostPageObject.java:36)
at com.wordpress.admin.Admin_01_Post.Post_01_Create_New_Post(Admin_01_Post.java:61)
... Removed 30 stack frames]]>
    </failure>
  </testcase> <!-- Post_01_Create_New_Post -->
  <testcase classname="com.wordpress.admin.Admin_01_Post" name="Post_02_Search_And_View_Post" time="30.019">
    <failure type="org.openqa.selenium.TimeoutException" message="Expected condition failed: waiting for element to be clickable: By.xpath: //div[text()=&amp;apos;Posts&amp;apos;] (tried for 30 second(s) with 500 milliseconds interval)
Build info: version: &amp;apos;4.11.0&amp;apos;, revision: &amp;apos;040bc5406b&amp;apos;
System info: os.name: &amp;apos;Windows 10&amp;apos;, os.arch: &amp;apos;amd64&amp;apos;, os.version: &amp;apos;10.0&amp;apos;, java.version: &amp;apos;17.0.8&amp;apos;
Driver info: org.openqa.selenium.firefox.FirefoxDriver
Capabilities {acceptInsecureCerts: true, browserName: firefox, browserVersion: 118.0.2, moz:accessibilityChecks: false, moz:buildID: 20231009140911, moz:debuggerAddress: 127.0.0.1:16629, moz:geckodriverVersion: 0.33.0, moz:headless: false, moz:platformVersion: 10.0, moz:processID: 17152, moz:profile: C:\Users\ADMINI~1\AppData\L..., moz:shutdownTimeout: 60000, moz:webdriverClick: true, moz:windowless: false, pageLoadStrategy: normal, platformName: windows, proxy: Proxy(), se:cdp: ws://127.0.0.1:16629/devtoo..., se:cdpVersion: 85.0, setWindowRect: true, strictFileInteractability: false, timeouts: {implicit: 0, pageLoad: 300000, script: 30000}, unhandledPromptBehavior: dismiss and notify}
Session ID: 43213894-e510-491e-b420-adac0d9ac3a7">
      <![CDATA[org.openqa.selenium.TimeoutException: Expected condition failed: waiting for element to be clickable: By.xpath: //div[text()='Posts'] (tried for 30 second(s) with 500 milliseconds interval)
Build info: version: '4.11.0', revision: '040bc5406b'
System info: os.name: 'Windows 10', os.arch: 'amd64', os.version: '10.0', java.version: '17.0.8'
Driver info: org.openqa.selenium.firefox.FirefoxDriver
Capabilities {acceptInsecureCerts: true, browserName: firefox, browserVersion: 118.0.2, moz:accessibilityChecks: false, moz:buildID: 20231009140911, moz:debuggerAddress: 127.0.0.1:16629, moz:geckodriverVersion: 0.33.0, moz:headless: false, moz:platformVersion: 10.0, moz:processID: 17152, moz:profile: C:\Users\ADMINI~1\AppData\L..., moz:shutdownTimeout: 60000, moz:webdriverClick: true, moz:windowless: false, pageLoadStrategy: normal, platformName: windows, proxy: Proxy(), se:cdp: ws://127.0.0.1:16629/devtoo..., se:cdpVersion: 85.0, setWindowRect: true, strictFileInteractability: false, timeouts: {implicit: 0, pageLoad: 300000, script: 30000}, unhandledPromptBehavior: dismiss and notify}
Session ID: 43213894-e510-491e-b420-adac0d9ac3a7
at org.openqa.selenium.support.ui.WebDriverWait.timeoutException(WebDriverWait.java:84)
at org.openqa.selenium.support.ui.FluentWait.until(FluentWait.java:230)
at commons.BasePage.waitForElementClickable(BasePage.java:505)
at pageObjects.wordpress.AdminMenuItemPageObject.clickToPostLink(AdminMenuItemPageObject.java:17)
at com.wordpress.admin.Admin_01_Post.Post_02_Search_And_View_Post(Admin_01_Post.java:81)
... Removed 25 stack frames]]>
    </failure>
  </testcase> <!-- Post_02_Search_And_View_Post -->
  <testcase classname="com.wordpress.admin.Admin_01_Post" name="Post_03_Edit_Post" time="0.005">
    <failure type="java.lang.NullPointerException" message="Cannot invoke &amp;quot;pageObjects.wordpress.UserPostPageObject.wordPressOpenAdminDashBoardPage(org.openqa.selenium.WebDriver, String)&amp;quot; because &amp;quot;this.userPostPage&amp;quot; is null">
      <![CDATA[java.lang.NullPointerException: Cannot invoke "pageObjects.wordpress.UserPostPageObject.wordPressOpenAdminDashBoardPage(org.openqa.selenium.WebDriver, String)" because "this.userPostPage" is null
at com.wordpress.admin.Admin_01_Post.Post_03_Edit_Post(Admin_01_Post.java:123)
... Removed 25 stack frames]]>
    </failure>
  </testcase> <!-- Post_03_Edit_Post -->
</testsuite> <!-- Run on firefox -->
